# JRE version: OpenJDK Runtime Environment (8.0_152-b01) (build 1.8.0_152-release-1248-b01)
# Java VM: OpenJDK 64-Bit Server VM (25.152-b01 mixed mode bsd-amd64 compressed oops)
Heap:
 PSYoungGen      total 272896K, used 218469K [0x00000007a0000000, 0x00000007b3080000, 0x00000007c0000000)
  eden space 262144K, 83% used [0x00000007a0000000,0x00000007ad5595b0,0x00000007b0000000)
  from space 10752K, 0% used [0x00000007b0000000,0x00000007b0000000,0x00000007b0a80000)
  to   space 12800K, 0% used [0x00000007b2400000,0x00000007b2400000,0x00000007b3080000)
 ParOldGen       total 167936K, used 16636K [0x0000000760000000, 0x000000076a400000, 0x00000007a0000000)
  object space 167936K, 9% used [0x0000000760000000,0x000000076103f370,0x000000076a400000)
 Metaspace       used 54604K, capacity 56042K, committed 56240K, reserved 1097728K
  class space    used 7433K, capacity 7832K, committed 7856K, reserved 1048576K
GC Heap History (10 events):
Event: 1.998 GC heap before
{Heap before GC invocations=3 (full 0):
 PSYoungGen      total 141824K, used 46753K [0x00000007a0000000, 0x00000007a9500000, 0x00000007c0000000)
  eden space 131072K, 27% used [0x00000007a0000000,0x00000007a2342730,0x00000007a8000000)
  from space 10752K, 99% used [0x00000007a8a80000,0x00000007a94e5e10,0x00000007a9500000)
  to   space 10752K, 0% used [0x00000007a8000000,0x00000007a8000000,0x00000007a8a80000)
 ParOldGen       total 175104K, used 24K [0x0000000760000000, 0x000000076ab00000, 0x00000007a0000000)
  object space 175104K, 0% used [0x0000000760000000,0x0000000760006000,0x000000076ab00000)
 Metaspace       used 20748K, capacity 21172K, committed 21296K, reserved 1067008K
  class space    used 2923K, capacity 3084K, committed 3120K, reserved 1048576K
Event: 2.009 GC heap after
Heap after GC invocations=3 (full 0):
 PSYoungGen      total 141824K, used 9669K [0x00000007a0000000, 0x00000007b1500000, 0x00000007c0000000)
  eden space 131072K, 0% used [0x00000007a0000000,0x00000007a0000000,0x00000007a8000000)
  from space 10752K, 89% used [0x00000007a8000000,0x00000007a8971470,0x00000007a8a80000)
  to   space 10752K, 0% used [0x00000007b0a80000,0x00000007b0a80000,0x00000007b1500000)
 ParOldGen       total 175104K, used 32K [0x0000000760000000, 0x000000076ab00000, 0x00000007a0000000)
  object space 175104K, 0% used [0x0000000760000000,0x0000000760008000,0x000000076ab00000)
 Metaspace       used 20748K, capacity 21172K, committed 21296K, reserved 1067008K
  class space    used 2923K, capacity 3084K, committed 3120K, reserved 1048576K
}
Event: 2.009 GC heap before
{Heap before GC invocations=4 (full 1):
 PSYoungGen      total 141824K, used 9669K [0x00000007a0000000, 0x00000007b1500000, 0x00000007c0000000)
  eden space 131072K, 0% used [0x00000007a0000000,0x00000007a0000000,0x00000007a8000000)
  from space 10752K, 89% used [0x00000007a8000000,0x00000007a8971470,0x00000007a8a80000)
  to   space 10752K, 0% used [0x00000007b0a80000,0x00000007b0a80000,0x00000007b1500000)
 ParOldGen       total 175104K, used 32K [0x0000000760000000, 0x000000076ab00000, 0x00000007a0000000)
  object space 175104K, 0% used [0x0000000760000000,0x0000000760008000,0x000000076ab00000)
 Metaspace       used 20748K, capacity 21172K, committed 21296K, reserved 1067008K
  class space    used 2923K, capacity 3084K, committed 3120K, reserved 1048576K
Event: 2.041 GC heap after
Heap after GC invocations=4 (full 1):
 PSYoungGen      total 141824K, used 0K [0x00000007a0000000, 0x00000007b1500000, 0x00000007c0000000)
  eden space 131072K, 0% used [0x00000007a0000000,0x00000007a0000000,0x00000007a8000000)
  from space 10752K, 0% used [0x00000007a8000000,0x00000007a8000000,0x00000007a8a80000)
  to   space 10752K, 0% used [0x00000007b0a80000,0x00000007b0a80000,0x00000007b1500000)
 ParOldGen       total 107520K, used 9463K [0x0000000760000000, 0x0000000766900000, 0x00000007a0000000)
  object space 107520K, 8% used [0x0000000760000000,0x000000076093dc68,0x0000000766900000)
 Metaspace       used 20748K, capacity 21172K, committed 21296K, reserved 1067008K
  class space    used 2923K, capacity 3084K, committed 3120K, reserved 1048576K
}
Event: 3.402 GC heap before
{Heap before GC invocations=5 (full 1):
 PSYoungGen      total 141824K, used 131072K [0x00000007a0000000, 0x00000007b1500000, 0x00000007c0000000)
  eden space 131072K, 100% used [0x00000007a0000000,0x00000007a8000000,0x00000007a8000000)
  from space 10752K, 0% used [0x00000007a8000000,0x00000007a8000000,0x00000007a8a80000)
  to   space 10752K, 0% used [0x00000007b0a80000,0x00000007b0a80000,0x00000007b1500000)
 ParOldGen       total 107520K, used 9463K [0x0000000760000000, 0x0000000766900000, 0x00000007a0000000)
  object space 107520K, 8% used [0x0000000760000000,0x000000076093dc68,0x0000000766900000)
 Metaspace       used 29964K, capacity 30542K, committed 30768K, reserved 1075200K
  class space    used 4178K, capacity 4386K, committed 4400K, reserved 1048576K
Event: 3.414 GC heap after
Heap after GC invocations=5 (full 1):
 PSYoungGen      total 205312K, used 10742K [0x00000007a0000000, 0x00000007b1500000, 0x00000007c0000000)
  eden space 194560K, 0% used [0x00000007a0000000,0x00000007a0000000,0x00000007abe00000)
  from space 10752K, 99% used [0x00000007b0a80000,0x00000007b14fdaa0,0x00000007b1500000)
  to   space 10752K, 0% used [0x00000007b0000000,0x00000007b0000000,0x00000007b0a80000)
 ParOldGen       total 107520K, used 10549K [0x0000000760000000, 0x0000000766900000, 0x00000007a0000000)
  object space 107520K, 9% used [0x0000000760000000,0x0000000760a4d540,0x0000000766900000)
 Metaspace       used 29964K, capacity 30542K, committed 30768K, reserved 1075200K
  class space    used 4178K, capacity 4386K, committed 4400K, reserved 1048576K
}
Event: 4.204 GC heap before
{Heap before GC invocations=6 (full 1):
 PSYoungGen      total 205312K, used 57172K [0x00000007a0000000, 0x00000007b1500000, 0x00000007c0000000)
  eden space 194560K, 23% used [0x00000007a0000000,0x00000007a2d577e0,0x00000007abe00000)
  from space 10752K, 99% used [0x00000007b0a80000,0x00000007b14fdaa0,0x00000007b1500000)
  to   space 10752K, 0% used [0x00000007b0000000,0x00000007b0000000,0x00000007b0a80000)
 ParOldGen       total 107520K, used 10549K [0x0000000760000000, 0x0000000766900000, 0x00000007a0000000)
  object space 107520K, 9% used [0x0000000760000000,0x0000000760a4d540,0x0000000766900000)
 Metaspace       used 34750K, capacity 35344K, committed 35496K, reserved 1079296K
  class space    used 4856K, capacity 5092K, committed 5168K, reserved 1048576K
Event: 4.214 GC heap after
Heap after GC invocations=6 (full 1):
 PSYoungGen      total 272896K, used 10133K [0x00000007a0000000, 0x00000007b3080000, 0x00000007c0000000)
  eden space 262144K, 0% used [0x00000007a0000000,0x00000007a0000000,0x00000007b0000000)
  from space 10752K, 94% used [0x00000007b0000000,0x00000007b09e5778,0x00000007b0a80000)
  to   space 12800K, 0% used [0x00000007b2400000,0x00000007b2400000,0x00000007b3080000)
 ParOldGen       total 107520K, used 10557K [0x0000000760000000, 0x0000000766900000, 0x00000007a0000000)
  object space 107520K, 9% used [0x0000000760000000,0x0000000760a4f540,0x0000000766900000)
 Metaspace       used 34750K, capacity 35344K, committed 35496K, reserved 1079296K
  class space    used 4856K, capacity 5092K, committed 5168K, reserved 1048576K
}
Event: 4.214 GC heap before
{Heap before GC invocations=7 (full 2):
 PSYoungGen      total 272896K, used 10133K [0x00000007a0000000, 0x00000007b3080000, 0x00000007c0000000)
  eden space 262144K, 0% used [0x00000007a0000000,0x00000007a0000000,0x00000007b0000000)
  from space 10752K, 94% used [0x00000007b0000000,0x00000007b09e5778,0x00000007b0a80000)
  to   space 12800K, 0% used [0x00000007b2400000,0x00000007b2400000,0x00000007b3080000)
 ParOldGen       total 107520K, used 10557K [0x0000000760000000, 0x0000000766900000, 0x00000007a0000000)
  object space 107520K, 9% used [0x0000000760000000,0x0000000760a4f540,0x0000000766900000)
 Metaspace       used 34750K, capacity 35344K, committed 35496K, reserved 1079296K
  class space    used 4856K, capacity 5092K, committed 5168K, reserved 1048576K
Event: 4.250 GC heap after
Heap after GC invocations=7 (full 2):
 PSYoungGen      total 272896K, used 0K [0x00000007a0000000, 0x00000007b3080000, 0x00000007c0000000)
  eden space 262144K, 0% used [0x00000007a0000000,0x00000007a0000000,0x00000007b0000000)
  from space 10752K, 0% used [0x00000007b0000000,0x00000007b0000000,0x00000007b0a80000)
  to   space 12800K, 0% used [0x00000007b2400000,0x00000007b2400000,0x00000007b3080000)
 ParOldGen       total 167936K, used 16636K [0x0000000760000000, 0x000000076a400000, 0x00000007a0000000)
  object space 167936K, 9% used [0x0000000760000000,0x000000076103f370,0x000000076a400000)
 Metaspace       used 34750K, capacity 35344K, committed 35496K, reserved 1079296K
  class space    used 4856K, capacity 5092K, committed 5168K, reserved 1048576K
}

